This is pdfTeX, Version 3.1415926-2.5-1.40.14 (TeX Live 2013/Debian) (format=latex 2015.9.28)  7 APR 2016 04:27
entering extended mode
 restricted \write18 enabled.
 %&-line parsing enabled.
**hello.tex
(./hello.tex
LaTeX2e <2011/06/27>
Babel <3.9h> and hyphenation patterns for 2 languages loaded.
(/usr/share/texlive/texmf-dist/tex/latex/base/article.cls
Document Class: article 2007/10/19 v1.4h Standard LaTeX document class
(/usr/share/texlive/texmf-dist/tex/latex/base/size10.clo
File: size10.clo 2007/10/19 v1.4h Standard LaTeX file (size option)
)
\c@part=\count79
\c@section=\count80
\c@subsection=\count81
\c@subsubsection=\count82
\c@paragraph=\count83
\c@subparagraph=\count84
\c@figure=\count85
\c@table=\count86
\abovecaptionskip=\skip41
\belowcaptionskip=\skip42
\bibindent=\dimen102
)
(/usr/share/texmf/tex/plain/misc/noweb.sty
\nwmarginglue=\dimen103
\codehsize=\dimen104
\codemargin=\dimen105
\nwdefspace=\dimen106
\equivbox=\box26
LaTeX Font Info:    External font `cmex10' loaded for size
(Font)              <7> on input line 79.
LaTeX Font Info:    External font `cmex10' loaded for size
(Font)              <5> on input line 79.
\plusequivbox=\box27
\nwcodetopsep=\skip43
\nwcodepenalty=\count87
\nwbreakcodespace=\dimen107
\@original@textwidth=\dimen108
\nwcodecommentsep=\skip44
\@nwlopage=\count88
\@nwhipage=\count89
\@nwlosub=\count90
\@nwhisub=\count91
\@nwpagetemp=\count92
\@nwpagecount=\count93
\sub@page=\count94
\@nwalph@n=\count95
\nw@chunkcount=\count96
\@commacount=\count97
\nwix@counter=\count98
) (./hello.aux)
\openout1 = `hello.aux'.

LaTeX Font Info:    Checking defaults for OML/cmm/m/it on input line 1.
LaTeX Font Info:    ... okay on input line 1.
LaTeX Font Info:    Checking defaults for T1/cmr/m/n on input line 1.
LaTeX Font Info:    ... okay on input line 1.
LaTeX Font Info:    Checking defaults for OT1/cmr/m/n on input line 1.
LaTeX Font Info:    ... okay on input line 1.
LaTeX Font Info:    Checking defaults for OMS/cmsy/m/n on input line 1.
LaTeX Font Info:    ... okay on input line 1.
LaTeX Font Info:    Checking defaults for OMX/cmex/m/n on input line 1.
LaTeX Font Info:    ... okay on input line 1.
LaTeX Font Info:    Checking defaults for U/cmr/m/n on input line 1.
LaTeX Font Info:    ... okay on input line 1.


! LaTeX Error: Can be used only in preamble.

See the LaTeX manual or LaTeX Companion for explanation.
Type  H <return>  for immediate help.
 ...                                              
                                                  
l.1 ...ilename{hello.nw}\nwbegindocs{0}\usepackage
                                                  {graphicx}% ===> this file...

? 
! Undefined control sequence.
l.3 \includegraphics
                    [scale=0.5]{ast.png}
? 
[1

]
Overfull \hbox (94.49918pt too wide) in paragraph at lines 85--85
 []\OT1/cmtt/m/n/10 <!DOCTYPE html PUBLIC "-//W3C//DTD XHTML 1.0 Strict//EN" "h
ttp://www.w3.org/TR/xhtml1/DTD/xhtml1-strict.dtd">[]  
 []

[2] [3] [4] (./hello.aux) ) 
Here is how much of TeX's memory you used:
 495 strings out of 495029
 5827 string characters out of 6181523
 61376 words of memory out of 5000000
 3780 multiletter control sequences out of 15000+600000
 5578 words of font info for 21 fonts, out of 8000000 for 9000
 14 hyphenation exceptions out of 8191
 25i,5n,17p,384b,301s stack positions out of 5000i,500n,10000p,200000b,80000s

Output written on hello.dvi (4 pages, 4444 bytes).
